2024-01-10 04:39:50,287 - pyswarms.single.global_best - INFO - Optimize for 3 iters with {'c1': 0.5, 'c2': 0.3, 'w': 0.9}
2024-01-10 04:41:53,359 - pyswarms.single.global_best - INFO - Optimize for 3 iters with {'c1': 0.5, 'c2': 0.3, 'w': 0.9}
2024-01-10 04:42:02,544 - pyswarms.single.global_best - INFO - Optimize for 3 iters with {'c1': 0.5, 'c2': 0.3, 'w': 0.9}
2024-01-10 04:45:01,802 - pyswarms.single.global_best - INFO - Optimize for 3 iters with {'c1': 0.5, 'c2': 0.3, 'w': 0.9}
2024-01-10 04:45:30,394 - pyswarms.single.global_best - INFO - Optimize for 3 iters with {'c1': 0.5, 'c2': 0.3, 'w': 0.9}
2024-01-10 04:57:25,627 - pyswarms.single.global_best - INFO - Optimize for 3 iters with {'c1': 0.5, 'c2': 0.3, 'w': 0.9}
2024-01-10 04:58:15,796 - pyswarms.single.global_best - INFO - Optimize for 3 iters with {'c1': 0.5, 'c2': 0.3, 'w': 0.9}
2024-01-10 05:02:01,174 - pyswarms.single.global_best - INFO - Optimize for 3 iters with {'c1': 0.5, 'c2': 0.3, 'w': 0.9}
2024-01-10 05:02:48,488 - pyswarms.single.global_best - INFO - Optimization finished | best cost: -451.88, best pos: [48.73611785  2.9740957  32.46295112  3.00426727 34.19451556  2.98755892
 37.167345    2.95830901 42.45455623  2.96085677 51.49520657  3.03630282
 53.42303231  3.02163074 39.20572797  3.02856689 47.52744389  3.00575274
 51.46843523  2.95149263 51.640256    2.95630894 36.62269788 39.88132403
  3.00526514 49.26870956 48.99165386  3.02630099 37.25753679 32.71613304
  2.97115223 42.84415971 40.97277268  2.98010588 32.26449404 36.86353054
  3.02058619 45.83881923]
2024-01-10 05:03:31,399 - pyswarms.single.global_best - INFO - Optimize for 2 iters with {'c1': 0.5, 'c2': 0.3, 'w': 0.9}
2024-01-10 05:04:24,500 - pyswarms.single.global_best - INFO - Optimization finished | best cost: -763.17, best pos: [47.28162679  2.97034407 45.70252067  2.95725685 49.4912791   2.98205651
 52.20242552  3.02273615 59.03958462  2.98378743 41.17381122  3.02799059
 52.64254956  2.96472635 36.34406953  3.04055074 58.58134372  3.02713309
 43.42698151  2.96537994 58.66676025  3.04216949 54.50921087 32.25650052
  3.0412052  43.5820215  48.60583947  3.02483155 56.79618191 38.98683945
  2.99225924 54.46866173 39.15069682  2.95728591 32.40248373 36.55108757
  3.01992971 30.03005764]
2024-01-10 05:13:37,916 - pyswarms.single.global_best - INFO - Optimize for 2 iters with {'c1': 0.5, 'c2': 0.3, 'w': 0.9}
2024-01-10 05:13:58,993 - pyswarms.single.global_best - INFO - Optimization finished | best cost: -594.4, best pos: [56.43645339  2.98368403 55.27928287  3.01027533 52.44990847  3.03650345
 39.1912252   2.96693939 36.03534057  3.01302545 32.04248245  3.03483042
 58.08046581  2.97758399 30.21119025  2.97083895 52.36223956  3.03233067
 45.51780529  2.97171717 44.74537783  3.00720595 34.32719304 45.5461338
  3.03806641 51.98623573 43.28685426  3.03281859 50.86802646 30.76697644
  3.00650802 50.70021259 43.05356935  3.01396667 55.59405699 57.04147514
  2.97268667 48.27673069]
2024-01-10 05:14:16,410 - pyswarms.single.global_best - INFO - Optimize for 2 iters with {'c1': 0.5, 'c2': 0.3, 'w': 0.9}
2024-01-10 05:14:30,671 - pyswarms.single.global_best - INFO - Optimization finished | best cost: -295.02, best pos: [46.08281366  2.95667291 53.32451375  3.00326401 30.68894158  2.9700334
 46.04499067  2.97099384 52.91465392  3.01407431 48.79335281  3.02439612
 41.5788861   3.01918148 33.66423552  3.00129064 50.88032978  3.01332338
 56.13327792  3.00731496 46.64453498  2.98686404 55.55549867 49.36559572
  3.00033124 55.37051481 48.43008984  3.00252646 47.71854401 38.35222315
  2.99302366 50.21155928 43.803355    2.96629517 35.83657412 31.77174885
  3.01013752 52.22405599]
2024-01-10 05:14:51,148 - pyswarms.single.global_best - INFO - Optimize for 2 iters with {'c1': 0.5, 'c2': 0.3, 'w': 0.9}
2024-01-10 05:15:10,965 - pyswarms.single.global_best - INFO - Optimization finished | best cost: -567.32, best pos: [34.13775759  3.01700066 36.98876891  3.03597624 42.88062804  2.97393741
 45.82183722  2.97548415 59.07865148  2.96613082 30.13451881  3.02464379
 45.60285421  2.95910338 44.26465901  2.99081992 44.86334156  3.02596931
 52.74330105  2.95226891 41.09861542  3.02782882 55.39290157 52.75999918
  3.00817298 48.31138252 59.84170933  2.98338937 42.67806023 38.24377754
  3.01792407 47.48181673 55.8052471   2.99411594 37.86086963 56.31250999
  3.02418208 39.3840734 ]
2024-01-10 05:15:32,895 - pyswarms.single.global_best - INFO - Optimize for 2 iters with {'c1': 0.5, 'c2': 0.3, 'w': 0.9}
2024-01-10 05:15:42,673 - pyswarms.single.global_best - INFO - Optimize for 2 iters with {'c1': 0.5, 'c2': 0.3, 'w': 0.9}
2024-01-10 05:15:59,608 - pyswarms.single.global_best - INFO - Optimization finished | best cost: -476.8, best pos: [30.88895162  3.02457207 41.94247566  3.00233883 42.31970971  3.04984934
 32.01605796  3.04671984 44.64482283  3.01372037 55.68769977  3.00198848
 52.26742204  2.99409226 42.96502252  3.026048   31.20542487  3.03291745
 39.87774847  2.98225731 46.77468638  2.95236098 57.2553668  38.45132103
  3.02750565 50.24910306 56.4837513   2.95074907 45.60605775 40.91194684
  2.97160979 30.52883277 56.25453605  3.04023235 56.10601289 37.22232666
  3.03511468 57.01807629]
2024-01-10 05:19:59,658 - pyswarms.single.global_best - INFO - Optimize for 1 iters with {'c1': 0.5, 'c2': 0.3, 'w': 0.9}
2024-01-10 05:20:16,396 - pyswarms.single.global_best - INFO - Optimize for 1 iters with {'c1': 0.5, 'c2': 0.3, 'w': 0.9}
2024-01-10 05:20:31,161 - pyswarms.single.global_best - INFO - Optimization finished | best cost: -253.53, best pos: [30.60608809  3.02576632 36.25864879  3.03663774 56.15679858  3.01367786
 59.28928272  2.96238191 50.43484992  2.9990525  49.19718632  2.95769813
 37.07306367  3.00456062 54.85682182  3.00722793 46.59916848  2.99472267
 41.9116793   3.04005504 47.70075381  3.00157907 54.2187581  46.97494143
  2.9796233  47.23640576 46.95568428  3.0463595  35.17907638 44.19714925
  3.02379441 33.28056774 52.98501857  3.04625169 40.56269922 59.54048778
  3.0141837  55.72551785]
2024-01-10 05:21:04,032 - pyswarms.single.global_best - INFO - Optimize for 3 iters with {'c1': 0.5, 'c2': 0.3, 'w': 0.9}
2024-01-10 05:21:49,725 - pyswarms.single.global_best - INFO - Optimization finished | best cost: -772.13, best pos: [50.41788823  3.02472892 35.63906469  3.03517345 35.86921637  3.00626711
 52.07807447  3.00137711 51.72347425  3.01200381 40.95574488  2.99944946
 59.3395775   2.99806104 39.1211051   2.95477595 52.72378573  2.98738492
 34.03043918  2.9629227  33.88939088  2.95907495 32.69100499 34.54793189
  3.00857729 55.27344491 34.60474816  3.03753268 48.49170669 56.2775801
  3.00131716 52.59575176 31.44114734  2.9887609  47.78772749 54.45885595
  3.03197058 57.54192257]
2024-01-10 05:23:03,449 - pyswarms.single.global_best - INFO - Optimize for 3 iters with {'c1': 0.5, 'c2': 0.3, 'w': 0.9}
2024-01-10 05:23:16,831 - pyswarms.single.global_best - INFO - Optimization finished | best cost: -288.91, best pos: [31.58734598  2.97086694 50.25282127  3.04895447 32.21878437  2.99356252
 51.38563263  2.9674828  31.3683057   2.9662576  59.8261435   2.96831892
 40.08504147  3.00056266 54.64340842  3.02909938 55.40842612  3.00181574
 58.76174661  2.97356505 39.81721423  2.98036548 46.14217806 42.49037162
  2.96671193 34.19244328 50.0135809   3.00373866 33.91300619 42.12754813
  3.02197921 59.00466027 44.07262069  3.04534875 43.34023463 39.57147418
  3.01262533 41.00583326]
2024-01-10 05:23:46,208 - pyswarms.single.global_best - INFO - Optimize for 3 iters with {'c1': 0.5, 'c2': 0.3, 'w': 0.9}
2024-01-10 05:24:03,623 - pyswarms.single.global_best - INFO - Optimization finished | best cost: -338.73, best pos: [43.15019703  3.01469057 41.25943932  3.01670134 49.68516216  3.00900314
 53.70231664  3.04559824 49.39840973  3.02934464 55.93398989  2.97579188
 54.7736218   3.04555408 53.83981306  3.00493792 52.75290724  3.02360636
 47.24800297  3.02859404 35.03392369  2.95124896 31.85735788 57.2682802
  2.95337234 44.4300955  35.20994689  2.98061873 33.84724342 44.96095727
  2.97297682 38.72480444 59.31225613  2.98264545 43.43887663 54.79191683
  2.98653144 49.73296827]
2024-01-10 05:25:15,963 - pyswarms.single.global_best - INFO - Optimize for 3 iters with {'c1': 0.5, 'c2': 0.3, 'w': 0.9}
2024-01-10 05:25:26,019 - pyswarms.single.global_best - INFO - Optimization finished | best cost: -260.3, best pos: [45.856403    3.02143839 38.17535745  2.96070282 34.64301519  2.98970175
 34.01090665  3.04548751 35.41417196  2.96751378 42.75817461  2.98980719
 31.97476203  3.01581346 40.66075112  2.97598432 50.70578315  3.03417536
 33.93735959  3.01566303 36.47674753  3.03544107 40.02479653 55.04669938
  3.02830963 31.44811192 51.69368126  2.99076853 56.72107255 51.17154699
  2.97237473 33.90513731 44.05652452  2.97505386 45.93150959 41.2913708
  2.95819312 35.79108986]
2024-01-10 05:27:49,932 - pyswarms.single.global_best - INFO - Optimize for 3 iters with {'c1': 0.5, 'c2': 0.3, 'w': 0.9}
2024-01-10 05:28:02,035 - pyswarms.single.global_best - INFO - Optimization finished | best cost: -357.62, best pos: [38.33807908  3.03345455 56.41374359  3.02901499 35.43134778  2.95707995
 46.2283661   3.04936672 35.80496609  2.95739343 46.87475883  3.00241954
 52.80529745  3.0468964  59.56085888  2.99781662 57.96008532  2.96762444
 59.26926378  2.96168315 33.77083786  3.00990736 52.83811755 34.47862365
  2.98280625 57.02649637 52.4625874   3.04320166 35.3962617  39.84148565
  3.02284392 31.36603003 57.16112317  2.98143289 37.7642595  33.03825302
  3.02276656 51.41126968]
2024-01-10 05:28:47,803 - pyswarms.single.global_best - INFO - Optimize for 3 iters with {'c1': 0.5, 'c2': 0.3, 'w': 0.9}
2024-01-10 05:29:17,842 - pyswarms.single.global_best - INFO - Optimization finished | best cost: -542.83, best pos: [53.47359737  3.04698444 34.77173358  3.00496822 33.45891898  2.99383216
 50.2170847   3.01126208 45.25232386  3.02409784 37.74729359  3.04183798
 59.91310443  2.96252098 42.89660488  2.97309842 37.88452658  2.99712685
 41.73420507  2.95130085 58.90433843  3.00287657 56.29625045 58.13697347
  3.0457386  57.45103125 37.36282309  2.98393833 39.05414747 31.01724773
  2.97094558 42.59543379 55.0826448   2.98846022 57.4353415  32.1795448
  2.95553158 56.41989204]
2024-01-10 05:29:55,970 - pyswarms.single.global_best - INFO - Optimize for 3 iters with {'c1': 0.5, 'c2': 0.3, 'w': 0.9}
2024-01-10 05:30:03,621 - pyswarms.single.global_best - INFO - Optimization finished | best cost: -104.55, best pos: [46.31147779  2.95638631 56.85282859  2.98736923 59.56383278  3.04904621
 58.5788815   2.99677917 50.06337368  3.04026011 49.54823942  2.95397323
 34.77095583  2.95410531 47.48659009  2.97459031 51.77891418  3.02743644
 52.03461655  2.99086053 46.24655474  2.99096133 42.49586409 33.47158648
  2.9971112  36.65875556 47.40344558  2.99389396 36.58722922 37.03918774
  3.00270017 44.70715689 42.62196644  3.03433888 37.17512788 44.74516135
  2.99225788 31.75799462]
2024-01-10 05:30:47,900 - pyswarms.single.global_best - INFO - Optimize for 3 iters with {'c1': 0.5, 'c2': 0.3, 'w': 0.9}
2024-01-10 05:31:15,389 - pyswarms.single.global_best - INFO - Optimization finished | best cost: 285.42, best pos: [44.17271461  3.00591727 39.46116932  2.98149889 47.34268708  3.03358249
 32.94124716  3.03239973 51.82596478  2.97675269 49.2297316   2.97588132
 59.96834517  3.0460705  58.28463116  3.00716912 30.98520658  3.03493438
 58.67840942  2.97107996 31.42465745  3.00971706 38.39315492 36.02343461
  2.98153027 45.71947028 44.66030454  2.98087125 41.08033658 56.91417977
  2.97664917 43.05821221 52.19648099  3.03055379 52.92528927 33.59458409
  2.95517952 47.7618879 ]
2024-01-10 05:31:46,480 - pyswarms.single.global_best - INFO - Optimize for 3 iters with {'c1': 0.5, 'c2': 0.3, 'w': 0.9}
2024-01-10 05:32:08,362 - pyswarms.single.global_best - INFO - Optimization finished | best cost: 241.31, best pos: [42.74724112  2.99854949 35.42426381  3.01203541 32.44630719  3.00516547
 39.7652744   2.96894455 35.75704026  2.96142016 53.06705326  3.03183751
 42.51748952  3.01137856 33.24924147  2.99276023 40.96794253  2.98185334
 45.91782886  3.04896444 58.2132849   3.00364562 49.82673157 32.84139147
  2.96219117 58.01068076 33.22831736  2.993555   49.0199103  52.14134063
  3.00650568 33.99592095 33.04932469  3.02813383 57.70104315 50.98760355
  3.0242355  49.54294401]
2024-01-10 05:33:16,383 - pyswarms.single.global_best - INFO - Optimize for 3 iters with {'c1': 0.5, 'c2': 0.3, 'w': 0.9}
2024-01-10 05:33:49,084 - pyswarms.single.global_best - INFO - Optimization finished | best cost: 446.16, best pos: [49.91230425  3.03431957 44.32745864  2.97828733 59.23584335  2.98956841
 34.53179303  3.02262343 50.76036408  2.98989441 31.29204614  3.002252
 44.56184823  3.03105347 41.12129242  3.04807167 41.00767478  3.03449587
 38.52169683  2.97405033 31.56278795  2.99655906 40.51674897 46.68993946
  3.01617375 55.55513914 47.09709982  2.99242545 44.9492997  35.24540775
  2.98592181 38.76911363 41.71225838  2.99552169 59.53833247 40.43272061
  3.04122529 36.88122036]
2024-01-10 05:34:30,146 - pyswarms.single.global_best - INFO - Optimize for 10 iters with {'c1': 0.5, 'c2': 0.3, 'w': 0.9}
2024-01-10 05:36:50,364 - pyswarms.single.global_best - INFO - Optimization finished | best cost: 53.66, best pos: [43.4959086   2.99903808 51.27341489  2.99516211 30.937153    2.98888135
 42.77494662  3.0011571  48.68148252  3.00061256 48.61101363  2.96941846
 44.36052161  2.98863131 44.06866279  2.98894647 42.56141736  3.03898553
 54.12242343  2.99611502 49.30662688  2.99313081 34.18882116 53.08245711
  3.00440825 35.6701672  53.25989508  2.99070984 42.78863627 33.22086482
  3.04951005 38.27589199 42.48495673  2.95168803 38.33668508 51.82864847
  2.98512122 45.03451004]
2024-01-10 05:37:51,409 - pyswarms.single.global_best - INFO - Optimize for 20 iters with {'c1': 0.5, 'c2': 0.3, 'w': 0.9}
2024-01-10 05:38:00,095 - pyswarms.single.global_best - INFO - Optimize for 20 iters with {'c1': 0.5, 'c2': 0.3, 'w': 0.9}
2024-01-10 05:38:23,589 - pyswarms.single.global_best - INFO - Optimize for 10 iters with {'c1': 0.5, 'c2': 0.3, 'w': 0.9}
2024-01-10 05:42:00,116 - pyswarms.single.global_best - INFO - Optimization finished | best cost: 59.35, best pos: [54.06126027  3.00730226 58.25715265  3.0321226  31.99644266  2.98931952
 56.9378214   3.00220104 35.95418838  3.02646489 41.84134267  2.99328837
 51.75185009  3.00572034 47.79701676  2.98963381 34.15364502  3.04207939
 36.16007577  3.00910689 45.35282057  3.03707621 39.39450995 35.11396742
  3.01821877 35.83394479 47.007444    2.97189619 46.56106366 42.38570449
  3.02323632 33.53508011 52.07174902  3.03688405 44.22028896 47.83043755
  2.96108452 40.31238568]
